<?xml version="1.0" encoding="UTF-8"?>
<testsuite xmlns:xsi="http://www.w3.org/2001/XMLSchema-instance" xsi:noNamespaceSchemaLocation="https://maven.apache.org/surefire/maven-surefire-plugin/xsd/surefire-test-report.xsd" name="net.rorynolan.detrendr.DetrendTest" time="0.04" tests="1" errors="1" skipped="0" failures="0">
  <properties>
    <property name="gopherProxySet" value="false"/>
    <property name="awt.toolkit" value="sun.lwawt.macosx.LWCToolkit"/>
    <property name="java.specification.version" value="10"/>
    <property name="file.encoding.pkg" value="sun.io"/>
    <property name="sun.cpu.isalist" value=""/>
    <property name="sun.jnu.encoding" value="UTF-8"/>
    <property name="java.class.path" value="/Users/rnolan/Dropbox/IdeaProjects/ij_detrendr/target/test-classes:/Users/rnolan/Dropbox/IdeaProjects/ij_detrendr/target/classes:/Users/rnolan/.m2/repository/net/imagej/imagej/2.0.0-rc-41/imagej-2.0.0-rc-41.jar:/Users/rnolan/.m2/repository/net/imagej/imagej-common/0.18.0/imagej-common-0.18.0.jar:/Users/rnolan/.m2/repository/net/imglib2/imglib2/2.4.0/imglib2-2.4.0.jar:/Users/rnolan/.m2/repository/net/imglib2/imglib2-roi/0.4.1/imglib2-roi-0.4.1.jar:/Users/rnolan/.m2/repository/net/sf/trove4j/trove4j/3.0.3/trove4j-3.0.3.jar:/Users/rnolan/.m2/repository/edu/ucar/udunits/4.3.18/udunits-4.3.18.jar:/Users/rnolan/.m2/repository/net/imagej/imagej-legacy/0.17.4/imagej-legacy-0.17.4.jar:/Users/rnolan/.m2/repository/net/imagej/ij1-patcher/0.12.2/ij1-patcher-0.12.2.jar:/Users/rnolan/.m2/repository/org/javassist/javassist/3.19.0-GA/javassist-3.19.0-GA.jar:/Users/rnolan/.m2/repository/net/imagej/ij/1.50a/ij-1.50a.jar:/Users/rnolan/.m2/repository/net/imglib2/imglib2-ij/2.0.0-beta-31/imglib2-ij-2.0.0-beta-31.jar:/Users/rnolan/.m2/repository/org/scijava/scijava-ui-awt/0.1.3/scijava-ui-awt-0.1.3.jar:/Users/rnolan/.m2/repository/org/scijava/scijava-ui-swing/0.7.0/scijava-ui-swing-0.7.0.jar:/Users/rnolan/.m2/repository/org/scijava/swing-checkbox-tree/1.0.0/swing-checkbox-tree-1.0.0.jar:/Users/rnolan/.m2/repository/net/sourceforge/jdatepicker/jdatepicker/1.3.2/jdatepicker-1.3.2.jar:/Users/rnolan/.m2/repository/org/scijava/scripting-java/0.3.3/scripting-java-0.3.3.jar:/Users/rnolan/.m2/repository/org/scijava/minimaven/2.1.3/minimaven-2.1.3.jar:/Users/rnolan/.m2/repository/net/imagej/imagej-ops/0.21.0/imagej-ops-0.21.0.jar:/Users/rnolan/.m2/repository/net/imglib2/imglib2-algorithm/0.3.2/imglib2-algorithm-0.3.2.jar:/Users/rnolan/.m2/repository/gov/nist/math/jama/1.0.3/jama-1.0.3.jar:/Users/rnolan/.m2/repository/net/imglib2/imglib2-algorithm-fft/0.1.2/imglib2-algorithm-fft-0.1.2.jar:/Users/rnolan/.m2/repository/edu/mines/mines-jtk/20100113/mines-jtk-20100113.jar:/Users/rnolan/.m2/repository/net/imglib2/imglib2-realtransform/2.0.0-beta-29/imglib2-realtransform-2.0.0-beta-29.jar:/Users/rnolan/.m2/repository/org/scijava/scijava-expression-parser/2.1.0/scijava-expression-parser-2.1.0.jar:/Users/rnolan/.m2/repository/org/scijava/scripting-javascript/0.4.1/scripting-javascript-0.4.1.jar:/Users/rnolan/.m2/repository/org/apache/commons/commons-math3/3.5/commons-math3-3.5.jar:/Users/rnolan/.m2/repository/net/imagej/imagej-updater/0.7.7/imagej-updater-0.7.7.jar:/Users/rnolan/.m2/repository/io/scif/scifio/0.25.1/scifio-0.25.1.jar:/Users/rnolan/.m2/repository/io/scif/scifio-jai-imageio/1.1.0/scifio-jai-imageio-1.1.0.jar:/Users/rnolan/.m2/repository/org/mapdb/mapdb/1.0.3/mapdb-1.0.3.jar:/Users/rnolan/.m2/repository/org/scijava/scijava-common/2.48.0/scijava-common-2.48.0.jar:/Users/rnolan/.m2/repository/com/googlecode/gentyref/gentyref/1.1.0/gentyref-1.1.0.jar:/Users/rnolan/.m2/repository/org/bushe/eventbus/1.4/eventbus-1.4.jar:/Users/rnolan/.m2/repository/net/imagej/imagej-deprecated/0.1.0/imagej-deprecated-0.1.0.jar:/Users/rnolan/.m2/repository/net/imagej/imagej-plugins-commands/0.6.0/imagej-plugins-commands-0.6.0.jar:/Users/rnolan/.m2/repository/com/github/sbridges/object-inspector/object-inspector/0.1/object-inspector-0.1.jar:/Users/rnolan/.m2/repository/net/iharder/base64/2.3.8/base64-2.3.8.jar:/Users/rnolan/.m2/repository/net/imagej/imagej-plugins-tools/0.3.0/imagej-plugins-tools-0.3.0.jar:/Users/rnolan/.m2/repository/net/imagej/imagej-plugins-uploader-ssh/0.3.0/imagej-plugins-uploader-ssh-0.3.0.jar:/Users/rnolan/.m2/repository/com/jcraft/jsch/0.1.49/jsch-0.1.49.jar:/Users/rnolan/.m2/repository/net/imagej/imagej-plugins-uploader-webdav/0.2.0/imagej-plugins-uploader-webdav-0.2.0.jar:/Users/rnolan/.m2/repository/net/imagej/imagej-scripting/0.2.1/imagej-scripting-0.2.1.jar:/Users/rnolan/.m2/repository/org/scijava/scripting-jython/0.2.2/scripting-jython-0.2.2.jar:/Users/rnolan/.m2/repository/org/scijava/jython-shaded/2.5.3/jython-shaded-2.5.3.jar:/Users/rnolan/.m2/repository/org/scijava/scripting-groovy/0.2.2/scripting-groovy-0.2.2.jar:/Users/rnolan/.m2/repository/org/codehaus/groovy/groovy/2.3.6/groovy-2.3.6.jar:/Users/rnolan/.m2/repository/org/scijava/scripting-clojure/0.1.3/scripting-clojure-0.1.3.jar:/Users/rnolan/.m2/repository/org/clojure/clojure/1.6.0/clojure-1.6.0.jar:/Users/rnolan/.m2/repository/org/scijava/scripting-beanshell/0.2.2/scripting-beanshell-0.2.2.jar:/Users/rnolan/.m2/repository/org/beanshell/bsh/2.0b4/bsh-2.0b4.jar:/Users/rnolan/.m2/repository/org/scijava/scripting-jruby/0.2.2/scripting-jruby-0.2.2.jar:/Users/rnolan/.m2/repository/org/jruby/jruby-core/1.7.12/jruby-core-1.7.12.jar:/Users/rnolan/.m2/repository/org/ow2/asm/asm/4.0/asm-4.0.jar:/Users/rnolan/.m2/repository/org/ow2/asm/asm-commons/4.0/asm-commons-4.0.jar:/Users/rnolan/.m2/repository/org/ow2/asm/asm-tree/4.0/asm-tree-4.0.jar:/Users/rnolan/.m2/repository/org/ow2/asm/asm-analysis/4.0/asm-analysis-4.0.jar:/Users/rnolan/.m2/repository/org/ow2/asm/asm-util/4.0/asm-util-4.0.jar:/Users/rnolan/.m2/repository/org/jruby/joni/joni/2.1.1/joni-2.1.1.jar:/Users/rnolan/.m2/repository/com/github/jnr/jnr-netdb/1.1.2/jnr-netdb-1.1.2.jar:/Users/rnolan/.m2/repository/com/github/jnr/jnr-enxio/0.4/jnr-enxio-0.4.jar:/Users/rnolan/.m2/repository/com/github/jnr/jnr-x86asm/1.0.2/jnr-x86asm-1.0.2.jar:/Users/rnolan/.m2/repository/com/github/jnr/jnr-unixsocket/0.3/jnr-unixsocket-0.3.jar:/Users/rnolan/.m2/repository/com/github/jnr/jnr-posix/3.0.1/jnr-posix-3.0.1.jar:/Users/rnolan/.m2/repository/org/jruby/extras/bytelist/1.0.11/bytelist-1.0.11.jar:/Users/rnolan/.m2/repository/com/github/jnr/jnr-constants/0.8.5/jnr-constants-0.8.5.jar:/Users/rnolan/.m2/repository/org/jruby/jcodings/jcodings/1.0.10/jcodings-1.0.10.jar:/Users/rnolan/.m2/repository/com/github/jnr/jnr-ffi/1.0.7/jnr-ffi-1.0.7.jar:/Users/rnolan/.m2/repository/com/github/jnr/jffi/1.2.7/jffi-1.2.7.jar:/Users/rnolan/.m2/repository/com/github/jnr/jffi/1.2.7/jffi-1.2.7-native.jar:/Users/rnolan/.m2/repository/org/yaml/snakeyaml/1.13/snakeyaml-1.13.jar:/Users/rnolan/.m2/repository/com/jcraft/jzlib/1.1.2/jzlib-1.1.2.jar:/Users/rnolan/.m2/repository/com/headius/invokebinder/1.2/invokebinder-1.2.jar:/Users/rnolan/.m2/repository/com/martiansoftware/nailgun-server/0.9.1/nailgun-server-0.9.1.jar:/Users/rnolan/.m2/repository/org/jruby/yecht/1.0/yecht-1.0.jar:/Users/rnolan/.m2/repository/joda-time/joda-time/2.3/joda-time-2.3.jar:/Users/rnolan/.m2/repository/com/headius/options/1.1/options-1.1.jar:/Users/rnolan/.m2/repository/org/jruby/jruby-stdlib/1.7.12/jruby-stdlib-1.7.12.jar:/Users/rnolan/.m2/repository/org/scijava/scijava-plugins-commands/0.2.0/scijava-plugins-commands-0.2.0.jar:/Users/rnolan/.m2/repository/org/scijava/scijava-plugins-platforms/0.1.3/scijava-plugins-platforms-0.1.3.jar:/Users/rnolan/.m2/repository/org/scijava/scijava-plugins-text-markdown/0.1.1/scijava-plugins-text-markdown-0.1.1.jar:/Users/rnolan/.m2/repository/org/markdownj/markdownj/0.3.0-1.0.2b4/markdownj-0.3.0-1.0.2b4.jar:/Users/rnolan/.m2/repository/org/scijava/scijava-plugins-text-plain/0.1.1/scijava-plugins-text-plain-0.1.1.jar:/Users/rnolan/.m2/repository/org/apache/commons/commons-lang3/3.1/commons-lang3-3.1.jar:/Users/rnolan/.m2/repository/net/imagej/imagej-ui-swing/0.15.1/imagej-ui-swing-0.15.1.jar:/Users/rnolan/.m2/repository/com/fifesoft/rsyntaxtextarea/2.5.7/rsyntaxtextarea-2.5.7.jar:/Users/rnolan/.m2/repository/com/fifesoft/autocomplete/2.5.7/autocomplete-2.5.7.jar:/Users/rnolan/.m2/repository/com/fifesoft/languagesupport/2.5.7/languagesupport-2.5.7.jar:/Users/rnolan/.m2/repository/org/mozilla/rhino/1.7.6/rhino-1.7.6.jar:/Users/rnolan/.m2/repository/com/miglayout/miglayout/3.7.4/miglayout-3.7.4-swing.jar:/Users/rnolan/.m2/repository/org/jfree/jfreechart/1.0.19/jfreechart-1.0.19.jar:/Users/rnolan/.m2/repository/org/jfree/jcommon/1.0.23/jcommon-1.0.23.jar:/Users/rnolan/.m2/repository/org/jhotdraw/jhotdraw/7.6.0/jhotdraw-7.6.0.jar:/Users/rnolan/.m2/repository/net/imagej/imagej-ui-awt/0.3.0/imagej-ui-awt-0.3.0.jar:/Users/rnolan/.m2/repository/commons-io/commons-io/2.5/commons-io-2.5.jar:/Users/rnolan/.m2/repository/org/junit/jupiter/junit-jupiter-api/5.3.1/junit-jupiter-api-5.3.1.jar:/Users/rnolan/.m2/repository/org/apiguardian/apiguardian-api/1.0.0/apiguardian-api-1.0.0.jar:/Users/rnolan/.m2/repository/org/opentest4j/opentest4j/1.1.1/opentest4j-1.1.1.jar:/Users/rnolan/.m2/repository/org/junit/platform/junit-platform-commons/1.3.1/junit-platform-commons-1.3.1.jar:/Users/rnolan/.m2/repository/org/junit/jupiter/junit-jupiter-engine/5.3.1/junit-jupiter-engine-5.3.1.jar:/Users/rnolan/.m2/repository/org/junit/platform/junit-platform-engine/1.3.1/junit-platform-engine-1.3.1.jar:"/>
    <property name="java.vm.vendor" value="&quot;Oracle Corporation&quot;"/>
    <property name="sun.arch.data.model" value="64"/>
    <property name="java.vendor.url" value="http://java.oracle.com/"/>
    <property name="user.timezone" value=""/>
    <property name="java.vm.specification.version" value="10"/>
    <property name="os.name" value="Mac OS X"/>
    <property name="sun.java.launcher" value="SUN_STANDARD"/>
    <property name="user.country" value="GB"/>
    <property name="sun.boot.library.path" value="/Library/Java/JavaVirtualMachines/jdk-10.jdk/Contents/Home/lib"/>
    <property name="sun.java.command" value="/Users/rnolan/Dropbox/IdeaProjects/ij_detrendr/target/surefire/surefirebooter7322340752978730568.jar /Users/rnolan/Dropbox/IdeaProjects/ij_detrendr/target/surefire 2018-10-01T10-41-42_853-jvmRun1 surefire4084668747721321999tmp surefire_018355625562928912373tmp"/>
    <property name="http.nonProxyHosts" value="local|*.local|169.254/16|*.169.254/16"/>
    <property name="jdk.debug" value="release"/>
    <property name="surefire.test.class.path" value="/Users/rnolan/Dropbox/IdeaProjects/ij_detrendr/target/test-classes:/Users/rnolan/Dropbox/IdeaProjects/ij_detrendr/target/classes:/Users/rnolan/.m2/repository/net/imagej/imagej/2.0.0-rc-41/imagej-2.0.0-rc-41.jar:/Users/rnolan/.m2/repository/net/imagej/imagej-common/0.18.0/imagej-common-0.18.0.jar:/Users/rnolan/.m2/repository/net/imglib2/imglib2/2.4.0/imglib2-2.4.0.jar:/Users/rnolan/.m2/repository/net/imglib2/imglib2-roi/0.4.1/imglib2-roi-0.4.1.jar:/Users/rnolan/.m2/repository/net/sf/trove4j/trove4j/3.0.3/trove4j-3.0.3.jar:/Users/rnolan/.m2/repository/edu/ucar/udunits/4.3.18/udunits-4.3.18.jar:/Users/rnolan/.m2/repository/net/imagej/imagej-legacy/0.17.4/imagej-legacy-0.17.4.jar:/Users/rnolan/.m2/repository/net/imagej/ij1-patcher/0.12.2/ij1-patcher-0.12.2.jar:/Users/rnolan/.m2/repository/org/javassist/javassist/3.19.0-GA/javassist-3.19.0-GA.jar:/Users/rnolan/.m2/repository/net/imagej/ij/1.50a/ij-1.50a.jar:/Users/rnolan/.m2/repository/net/imglib2/imglib2-ij/2.0.0-beta-31/imglib2-ij-2.0.0-beta-31.jar:/Users/rnolan/.m2/repository/org/scijava/scijava-ui-awt/0.1.3/scijava-ui-awt-0.1.3.jar:/Users/rnolan/.m2/repository/org/scijava/scijava-ui-swing/0.7.0/scijava-ui-swing-0.7.0.jar:/Users/rnolan/.m2/repository/org/scijava/swing-checkbox-tree/1.0.0/swing-checkbox-tree-1.0.0.jar:/Users/rnolan/.m2/repository/net/sourceforge/jdatepicker/jdatepicker/1.3.2/jdatepicker-1.3.2.jar:/Users/rnolan/.m2/repository/org/scijava/scripting-java/0.3.3/scripting-java-0.3.3.jar:/Users/rnolan/.m2/repository/org/scijava/minimaven/2.1.3/minimaven-2.1.3.jar:/Users/rnolan/.m2/repository/net/imagej/imagej-ops/0.21.0/imagej-ops-0.21.0.jar:/Users/rnolan/.m2/repository/net/imglib2/imglib2-algorithm/0.3.2/imglib2-algorithm-0.3.2.jar:/Users/rnolan/.m2/repository/gov/nist/math/jama/1.0.3/jama-1.0.3.jar:/Users/rnolan/.m2/repository/net/imglib2/imglib2-algorithm-fft/0.1.2/imglib2-algorithm-fft-0.1.2.jar:/Users/rnolan/.m2/repository/edu/mines/mines-jtk/20100113/mines-jtk-20100113.jar:/Users/rnolan/.m2/repository/net/imglib2/imglib2-realtransform/2.0.0-beta-29/imglib2-realtransform-2.0.0-beta-29.jar:/Users/rnolan/.m2/repository/org/scijava/scijava-expression-parser/2.1.0/scijava-expression-parser-2.1.0.jar:/Users/rnolan/.m2/repository/org/scijava/scripting-javascript/0.4.1/scripting-javascript-0.4.1.jar:/Users/rnolan/.m2/repository/org/apache/commons/commons-math3/3.5/commons-math3-3.5.jar:/Users/rnolan/.m2/repository/net/imagej/imagej-updater/0.7.7/imagej-updater-0.7.7.jar:/Users/rnolan/.m2/repository/io/scif/scifio/0.25.1/scifio-0.25.1.jar:/Users/rnolan/.m2/repository/io/scif/scifio-jai-imageio/1.1.0/scifio-jai-imageio-1.1.0.jar:/Users/rnolan/.m2/repository/org/mapdb/mapdb/1.0.3/mapdb-1.0.3.jar:/Users/rnolan/.m2/repository/org/scijava/scijava-common/2.48.0/scijava-common-2.48.0.jar:/Users/rnolan/.m2/repository/com/googlecode/gentyref/gentyref/1.1.0/gentyref-1.1.0.jar:/Users/rnolan/.m2/repository/org/bushe/eventbus/1.4/eventbus-1.4.jar:/Users/rnolan/.m2/repository/net/imagej/imagej-deprecated/0.1.0/imagej-deprecated-0.1.0.jar:/Users/rnolan/.m2/repository/net/imagej/imagej-plugins-commands/0.6.0/imagej-plugins-commands-0.6.0.jar:/Users/rnolan/.m2/repository/com/github/sbridges/object-inspector/object-inspector/0.1/object-inspector-0.1.jar:/Users/rnolan/.m2/repository/net/iharder/base64/2.3.8/base64-2.3.8.jar:/Users/rnolan/.m2/repository/net/imagej/imagej-plugins-tools/0.3.0/imagej-plugins-tools-0.3.0.jar:/Users/rnolan/.m2/repository/net/imagej/imagej-plugins-uploader-ssh/0.3.0/imagej-plugins-uploader-ssh-0.3.0.jar:/Users/rnolan/.m2/repository/com/jcraft/jsch/0.1.49/jsch-0.1.49.jar:/Users/rnolan/.m2/repository/net/imagej/imagej-plugins-uploader-webdav/0.2.0/imagej-plugins-uploader-webdav-0.2.0.jar:/Users/rnolan/.m2/repository/net/imagej/imagej-scripting/0.2.1/imagej-scripting-0.2.1.jar:/Users/rnolan/.m2/repository/org/scijava/scripting-jython/0.2.2/scripting-jython-0.2.2.jar:/Users/rnolan/.m2/repository/org/scijava/jython-shaded/2.5.3/jython-shaded-2.5.3.jar:/Users/rnolan/.m2/repository/org/scijava/scripting-groovy/0.2.2/scripting-groovy-0.2.2.jar:/Users/rnolan/.m2/repository/org/codehaus/groovy/groovy/2.3.6/groovy-2.3.6.jar:/Users/rnolan/.m2/repository/org/scijava/scripting-clojure/0.1.3/scripting-clojure-0.1.3.jar:/Users/rnolan/.m2/repository/org/clojure/clojure/1.6.0/clojure-1.6.0.jar:/Users/rnolan/.m2/repository/org/scijava/scripting-beanshell/0.2.2/scripting-beanshell-0.2.2.jar:/Users/rnolan/.m2/repository/org/beanshell/bsh/2.0b4/bsh-2.0b4.jar:/Users/rnolan/.m2/repository/org/scijava/scripting-jruby/0.2.2/scripting-jruby-0.2.2.jar:/Users/rnolan/.m2/repository/org/jruby/jruby-core/1.7.12/jruby-core-1.7.12.jar:/Users/rnolan/.m2/repository/org/ow2/asm/asm/4.0/asm-4.0.jar:/Users/rnolan/.m2/repository/org/ow2/asm/asm-commons/4.0/asm-commons-4.0.jar:/Users/rnolan/.m2/repository/org/ow2/asm/asm-tree/4.0/asm-tree-4.0.jar:/Users/rnolan/.m2/repository/org/ow2/asm/asm-analysis/4.0/asm-analysis-4.0.jar:/Users/rnolan/.m2/repository/org/ow2/asm/asm-util/4.0/asm-util-4.0.jar:/Users/rnolan/.m2/repository/org/jruby/joni/joni/2.1.1/joni-2.1.1.jar:/Users/rnolan/.m2/repository/com/github/jnr/jnr-netdb/1.1.2/jnr-netdb-1.1.2.jar:/Users/rnolan/.m2/repository/com/github/jnr/jnr-enxio/0.4/jnr-enxio-0.4.jar:/Users/rnolan/.m2/repository/com/github/jnr/jnr-x86asm/1.0.2/jnr-x86asm-1.0.2.jar:/Users/rnolan/.m2/repository/com/github/jnr/jnr-unixsocket/0.3/jnr-unixsocket-0.3.jar:/Users/rnolan/.m2/repository/com/github/jnr/jnr-posix/3.0.1/jnr-posix-3.0.1.jar:/Users/rnolan/.m2/repository/org/jruby/extras/bytelist/1.0.11/bytelist-1.0.11.jar:/Users/rnolan/.m2/repository/com/github/jnr/jnr-constants/0.8.5/jnr-constants-0.8.5.jar:/Users/rnolan/.m2/repository/org/jruby/jcodings/jcodings/1.0.10/jcodings-1.0.10.jar:/Users/rnolan/.m2/repository/com/github/jnr/jnr-ffi/1.0.7/jnr-ffi-1.0.7.jar:/Users/rnolan/.m2/repository/com/github/jnr/jffi/1.2.7/jffi-1.2.7.jar:/Users/rnolan/.m2/repository/com/github/jnr/jffi/1.2.7/jffi-1.2.7-native.jar:/Users/rnolan/.m2/repository/org/yaml/snakeyaml/1.13/snakeyaml-1.13.jar:/Users/rnolan/.m2/repository/com/jcraft/jzlib/1.1.2/jzlib-1.1.2.jar:/Users/rnolan/.m2/repository/com/headius/invokebinder/1.2/invokebinder-1.2.jar:/Users/rnolan/.m2/repository/com/martiansoftware/nailgun-server/0.9.1/nailgun-server-0.9.1.jar:/Users/rnolan/.m2/repository/org/jruby/yecht/1.0/yecht-1.0.jar:/Users/rnolan/.m2/repository/joda-time/joda-time/2.3/joda-time-2.3.jar:/Users/rnolan/.m2/repository/com/headius/options/1.1/options-1.1.jar:/Users/rnolan/.m2/repository/org/jruby/jruby-stdlib/1.7.12/jruby-stdlib-1.7.12.jar:/Users/rnolan/.m2/repository/org/scijava/scijava-plugins-commands/0.2.0/scijava-plugins-commands-0.2.0.jar:/Users/rnolan/.m2/repository/org/scijava/scijava-plugins-platforms/0.1.3/scijava-plugins-platforms-0.1.3.jar:/Users/rnolan/.m2/repository/org/scijava/scijava-plugins-text-markdown/0.1.1/scijava-plugins-text-markdown-0.1.1.jar:/Users/rnolan/.m2/repository/org/markdownj/markdownj/0.3.0-1.0.2b4/markdownj-0.3.0-1.0.2b4.jar:/Users/rnolan/.m2/repository/org/scijava/scijava-plugins-text-plain/0.1.1/scijava-plugins-text-plain-0.1.1.jar:/Users/rnolan/.m2/repository/org/apache/commons/commons-lang3/3.1/commons-lang3-3.1.jar:/Users/rnolan/.m2/repository/net/imagej/imagej-ui-swing/0.15.1/imagej-ui-swing-0.15.1.jar:/Users/rnolan/.m2/repository/com/fifesoft/rsyntaxtextarea/2.5.7/rsyntaxtextarea-2.5.7.jar:/Users/rnolan/.m2/repository/com/fifesoft/autocomplete/2.5.7/autocomplete-2.5.7.jar:/Users/rnolan/.m2/repository/com/fifesoft/languagesupport/2.5.7/languagesupport-2.5.7.jar:/Users/rnolan/.m2/repository/org/mozilla/rhino/1.7.6/rhino-1.7.6.jar:/Users/rnolan/.m2/repository/com/miglayout/miglayout/3.7.4/miglayout-3.7.4-swing.jar:/Users/rnolan/.m2/repository/org/jfree/jfreechart/1.0.19/jfreechart-1.0.19.jar:/Users/rnolan/.m2/repository/org/jfree/jcommon/1.0.23/jcommon-1.0.23.jar:/Users/rnolan/.m2/repository/org/jhotdraw/jhotdraw/7.6.0/jhotdraw-7.6.0.jar:/Users/rnolan/.m2/repository/net/imagej/imagej-ui-awt/0.3.0/imagej-ui-awt-0.3.0.jar:/Users/rnolan/.m2/repository/commons-io/commons-io/2.5/commons-io-2.5.jar:/Users/rnolan/.m2/repository/org/junit/jupiter/junit-jupiter-api/5.3.1/junit-jupiter-api-5.3.1.jar:/Users/rnolan/.m2/repository/org/apiguardian/apiguardian-api/1.0.0/apiguardian-api-1.0.0.jar:/Users/rnolan/.m2/repository/org/opentest4j/opentest4j/1.1.1/opentest4j-1.1.1.jar:/Users/rnolan/.m2/repository/org/junit/platform/junit-platform-commons/1.3.1/junit-platform-commons-1.3.1.jar:/Users/rnolan/.m2/repository/org/junit/jupiter/junit-jupiter-engine/5.3.1/junit-jupiter-engine-5.3.1.jar:/Users/rnolan/.m2/repository/org/junit/platform/junit-platform-engine/1.3.1/junit-platform-engine-1.3.1.jar:"/>
    <property name="sun.cpu.endian" value="little"/>
    <property name="user.home" value="/Users/rnolan"/>
    <property name="user.language" value="en"/>
    <property name="java.specification.vendor" value="Oracle Corporation"/>
    <property name="java.version.date" value="2018-03-20"/>
    <property name="java.home" value="/Library/Java/JavaVirtualMachines/jdk-10.jdk/Contents/Home"/>
    <property name="file.separator" value="/"/>
    <property name="basedir" value="/Users/rnolan/Dropbox/IdeaProjects/ij_detrendr"/>
    <property name="java.vm.compressedOopsMode" value="Zero based"/>
    <property name="line.separator" value="&#10;"/>
    <property name="java.specification.name" value="Java Platform API Specification"/>
    <property name="java.vm.specification.vendor" value="Oracle Corporation"/>
    <property name="java.awt.graphicsenv" value="sun.awt.CGraphicsEnvironment"/>
    <property name="surefire.real.class.path" value="/Users/rnolan/Dropbox/IdeaProjects/ij_detrendr/target/surefire/surefirebooter7322340752978730568.jar"/>
    <property name="sun.management.compiler" value="HotSpot 64-Bit Tiered Compilers"/>
    <property name="ftp.nonProxyHosts" value="local|*.local|169.254/16|*.169.254/16"/>
    <property name="java.runtime.version" value="10+46"/>
    <property name="user.name" value="rnolan"/>
    <property name="path.separator" value=":"/>
    <property name="os.version" value="10.13.6"/>
    <property name="java.runtime.name" value="Java(TM) SE Runtime Environment"/>
    <property name="file.encoding" value="UTF-8"/>
    <property name="java.vm.name" value="Java HotSpot(TM) 64-Bit Server VM"/>
    <property name="java.vendor.version" value="18.3"/>
    <property name="localRepository" value="/Users/rnolan/.m2/repository"/>
    <property name="java.vendor.url.bug" value="http://bugreport.java.com/bugreport/"/>
    <property name="java.io.tmpdir" value="/var/folders/l_/2mwm03p55zg7zjykv084hhvr0000gn/T/"/>
    <property name="java.version" value="10"/>
    <property name="user.dir" value="/Users/rnolan/Dropbox/IdeaProjects/ij_detrendr"/>
    <property name="os.arch" value="x86_64"/>
    <property name="java.vm.specification.name" value="Java Virtual Machine Specification"/>
    <property name="java.awt.printerjob" value="sun.lwawt.macosx.CPrinterJob"/>
    <property name="sun.os.patch.level" value="unknown"/>
    <property name="java.library.path" value="/Developer/NVIDIA/CUDA-9.2/lib:/Users/rnolan/Library/Java/Extensions:/Library/Java/Extensions:/Network/Library/Java/Extensions:/System/Library/Java/Extensions:/usr/lib/java:."/>
    <property name="java.vendor" value="Oracle Corporation"/>
    <property name="java.vm.info" value="mixed mode"/>
    <property name="java.vm.version" value="10+46"/>
    <property name="sun.io.unicode.encoding" value="UnicodeBig"/>
    <property name="apple.awt.UIElement" value="true"/>
    <property name="java.class.version" value="54.0"/>
    <property name="socksNonProxyHosts" value="local|*.local|169.254/16|*.169.254/16"/>
  </properties>
  <testcase name="testDetrendingAndBrightness" classname="net.rorynolan.detrendr.DetrendTest" time="0.036">
    <error type="java.lang.ExceptionInInitializerError">java.lang.ExceptionInInitializerError
	at net.rorynolan.detrendr.DetrendTest.testDetrendingAndBrightness(DetrendTest.java:17)
Caused by: java.lang.StringIndexOutOfBoundsException: begin 0, end 3, length 2
	at net.rorynolan.detrendr.DetrendTest.testDetrendingAndBrightness(DetrendTest.java:17)
</error>
  </testcase>
</testsuite>